<?xml version="1.0" encoding="UTF-8"?>
<testng-results skipped="0" failed="0" ignored="0" total="1" passed="1">
  <reporter-output>
  </reporter-output>
  <suite name="Default suite" duration-ms="439" started-at="2018-05-15T06:29:57Z" finished-at="2018-05-15T06:29:58Z">
    <groups>
    </groups>
    <test name="Default test" duration-ms="439" started-at="2018-05-15T06:29:57Z" finished-at="2018-05-15T06:29:58Z">
      <class name="com.test.dao.TestEmail">
        <test-method status="PASS" signature="springTestContextBeforeTestClass()[pri:0, instance:com.test.dao.TestEmail@7d3a22a9]" name="springTestContextBeforeTestClass" is-config="true" duration-ms="9" started-at="2018-05-15T06:29:57Z" finished-at="2018-05-15T06:29:57Z">
          <reporter-output>
          </reporter-output>
        </test-method> <!-- springTestContextBeforeTestClass -->
        <test-method status="PASS" signature="springTestContextPrepareTestInstance()[pri:0, instance:com.test.dao.TestEmail@7d3a22a9]" name="springTestContextPrepareTestInstance" is-config="true" duration-ms="409" started-at="2018-05-15T06:29:57Z" depends-on-methods="org.springframework.test.context.testng.AbstractTestNGSpringContextTests.springTestContextBeforeTestClass" finished-at="2018-05-15T06:29:58Z">
          <reporter-output>
          </reporter-output>
        </test-method> <!-- springTestContextPrepareTestInstance -->
        <test-method status="PASS" signature="springTestContextBeforeTestMethod(java.lang.reflect.Method)[pri:0, instance:com.test.dao.TestEmail@7d3a22a9]" name="springTestContextBeforeTestMethod" is-config="true" duration-ms="1" started-at="2018-05-15T06:29:58Z" finished-at="2018-05-15T06:29:58Z">
          <params>
            <param index="0">
              <value>
                <![CDATA[void com.test.dao.TestEmail.testEmailGenerator()]]>
              </value>
            </param>
          </params>
          <reporter-output>
          </reporter-output>
        </test-method> <!-- springTestContextBeforeTestMethod -->
        <test-method status="PASS" signature="testEmailGenerator()[pri:0, instance:com.test.dao.TestEmail@7d3a22a9]" name="testEmailGenerator" duration-ms="5" started-at="2018-05-15T06:29:58Z" finished-at="2018-05-15T06:29:58Z">
          <reporter-output>
          </reporter-output>
        </test-method> <!-- testEmailGenerator -->
        <test-method status="PASS" signature="springTestContextAfterTestMethod(java.lang.reflect.Method)[pri:0, instance:com.test.dao.TestEmail@7d3a22a9]" name="springTestContextAfterTestMethod" is-config="true" duration-ms="1" started-at="2018-05-15T06:29:58Z" finished-at="2018-05-15T06:29:58Z">
          <params>
            <param index="0">
              <value>
                <![CDATA[void com.test.dao.TestEmail.testEmailGenerator()]]>
              </value>
            </param>
          </params>
          <reporter-output>
          </reporter-output>
        </test-method> <!-- springTestContextAfterTestMethod -->
        <test-method status="PASS" signature="springTestContextAfterTestClass()[pri:0, instance:com.test.dao.TestEmail@7d3a22a9]" name="springTestContextAfterTestClass" is-config="true" duration-ms="0" started-at="2018-05-15T06:29:58Z" finished-at="2018-05-15T06:29:58Z">
          <reporter-output>
          </reporter-output>
        </test-method> <!-- springTestContextAfterTestClass -->
      </class> <!-- com.test.dao.TestEmail -->
    </test> <!-- Default test -->
  </suite> <!-- Default suite -->
</testng-results>
